<?xml version="1.0" encoding="UTF-8"?>
<!-- Generated by org.testng.reporters.JUnitReportReporter -->
<testsuite skipped="0" hostname="DERIW42SLPC1327" name="SampleGroup.Tc_Login" tests="1" failures="0" timestamp="11 Jan 2019 03:35:43 GMT" time="17.890" errors="0">
  <testcase name="test1" time="17.890" classname="SampleGroup.Tc_Login"/>
</testsuite> <!-- SampleGroup.Tc_Login -->
