<?xml version="1.0" encoding="UTF-8"?>
<!-- Generated by org.testng.reporters.JUnitReportReporter -->
<testsuite skipped="0" hostname="DERIW42SLPC1327" name="seleniumDay1.TC_Flight_01" tests="4" failures="0" timestamp="27 Dec 2018 06:57:41 GMT" time="0.029" errors="0">
  <testcase name="test1" time="0.013" classname="seleniumDay1.TC_Flight_01"/>
  <testcase name="test2" time="0.003" classname="seleniumDay1.TC_Flight_01"/>
  <testcase name="test2" time="0.005" classname="seleniumDay1.TC_Flight_01"/>
  <testcase name="test1" time="0.008" classname="seleniumDay1.TC_Flight_01"/>
</testsuite> <!-- seleniumDay1.TC_Flight_01 -->
