<?xml version="1.0" encoding="UTF-8"?>
<!-- Generated by org.testng.reporters.JUnitReportReporter -->
<testsuite skipped="0" hostname="DERIW42SLPC1327" name="seleniumDay1.Testing2" tests="3" failures="0" timestamp="26 Dec 2018 05:57:25 GMT" time="0.025" errors="0">
  <testcase name="test2" time="0.021" classname="seleniumDay1.Testing2"/>
  <testcase name="test1" time="0.002" classname="seleniumDay1.Testing2"/>
  <testcase name="test3" time="0.002" classname="seleniumDay1.Testing2"/>
</testsuite> <!-- seleniumDay1.Testing2 -->
