<?xml version="1.0" encoding="UTF-8"?>
<!-- Generated by org.testng.reporters.JUnitReportReporter -->
<testsuite skipped="0" hostname="DERIW42SLPC1327" name="seleniumDay2.TestNGClass2" tests="2" failures="0" timestamp="27 Dec 2018 06:23:17 GMT" time="20.980" errors="0">
  <testcase name="login" time="10.631" classname="seleniumDay2.TestNGClass2"/>
  <testcase name="login" time="10.349" classname="seleniumDay2.TestNGClass2"/>
</testsuite> <!-- seleniumDay2.TestNGClass2 -->
