<?xml version="1.0" encoding="UTF-8"?>
<!-- Generated by org.testng.reporters.JUnitReportReporter -->
<testsuite skipped="0" hostname="DERIW42SLPC1327" name="seleniumDay1.TC_Flight_03" tests="2" failures="0" timestamp="27 Dec 2018 06:57:41 GMT" time="0.007" errors="0">
  <testcase name="test3" time="0.005" classname="seleniumDay1.TC_Flight_03"/>
  <testcase name="test3" time="0.002" classname="seleniumDay1.TC_Flight_03"/>
</testsuite> <!-- seleniumDay1.TC_Flight_03 -->
